Log file open, 04/19/15 22:59:08
LogInit: Version: 4.7.3-2479750+++depot+UE4-Releases+4.7
LogInit: API Version: 2455222
LogInit: Compiled (64-bit): Mar 15 2015 23:15:17
LogInit: Compiled with Visual C++: 18.00.21005.01
LogInit: Build Configuration: Development
LogInit: Branch Name: ++depot+UE4-Releases+4.7
LogInit: Command line: 
LogInit: Base directory: F:/WindowsNoEditor/MyProject/Binaries/Win64/
LogInit: Rocket: 1
[2015.04.19-19.59.08:183][  0]LogTaskGraph: Started task graph with 3 named threads and 6 total threads.
[2015.04.19-19.59.08:227][  0]LogOnline:Warning: No default platform service specified for OnlineSubsystem
[2015.04.19-19.59.08:227][  0]LogInit: Presizing for 0 objects not considered by GC, pre-allocating 0 bytes.
[2015.04.19-19.59.08:233][  0]LogInit: Object subsystem initialized
[2015.04.19-19.59.08:235][  0]LogConsoleResponse:Warning: Skipping Unknown console variable: 'TranslucentSortAxis = (X=0.000000,Y=-1.000000,Z=0.000000)'
[2015.04.19-19.59.08:235][  0]LogConsoleResponse:Warning:   Found in ini file '../../../MyProject/Saved/Config/WindowsNoEditor/Engine.ini', in section '[/Script/Engine.RendererSettings]'
[2015.04.19-19.59.08:235][  0]LogConsoleResponse:Warning: Skipping Unknown console variable: 'UIScaleRule = ShortestSide'
[2015.04.19-19.59.08:235][  0]LogConsoleResponse:Warning:   Found in ini file '../../../MyProject/Saved/Config/WindowsNoEditor/Engine.ini', in section '[/Script/Engine.RendererSettings]'
[2015.04.19-19.59.08:235][  0]LogConsoleResponse:Warning: Skipping Unknown console variable: 'UIScaleCurve = (EditorCurveData=(Keys=),ExternalCurve=None)'
[2015.04.19-19.59.08:235][  0]LogConsoleResponse:Warning:   Found in ini file '../../../MyProject/Saved/Config/WindowsNoEditor/Engine.ini', in section '[/Script/Engine.RendererSettings]'
[2015.04.19-19.59.08:236][  0]LogInit: Selected Device Profile: [WindowsNoEditor]
[2015.04.19-19.59.08:236][  0]LogInit: Applying CVar settings loaded from the selected device profile: [WindowsNoEditor]
[2015.04.19-19.59.08:241][  0]LogInit: Computer: CHAR1ZART
[2015.04.19-19.59.08:241][  0]LogInit: User: Ch1zART
[2015.04.19-19.59.08:241][  0]LogInit: CPU Page size=4096, Cores=4
[2015.04.19-19.59.08:241][  0]LogInit: High frequency timer resolution =3.409369 MHz
[2015.04.19-19.59.08:241][  0]LogMemory: Memory total: Physical=15.9GB (16GB approx) Virtual=131072.0GB
[2015.04.19-19.59.08:242][  0]LogMemory: Platform Memory Stats for WindowsNoEditor
[2015.04.19-19.59.08:242][  0]LogMemory: Process Physical Memory: 26.72 MB used, 26.72 MB peak
[2015.04.19-19.59.08:242][  0]LogMemory: Process Virtual Memory: 17.91 MB used, 17.91 MB peak
[2015.04.19-19.59.08:242][  0]LogMemory: Physical Memory: 2946.63 MB used, 16323.35 MB total
[2015.04.19-19.59.08:242][  0]LogMemory: Virtual Memory: 201.28 MB used, 134217728.00 MB total
[2015.04.19-19.59.08:268][  0]LogD3D11RHI: Found D3D11 adapter 0: NVIDIA GeForce GTX 650 Ti  (Feature Level 11_0)
[2015.04.19-19.59.08:268][  0]LogD3D11RHI: Adapter has 966MB of dedicated video memory, 0MB of dedicated system memory, and 3072MB of shared system memory, 1 output[s]
[2015.04.19-19.59.08:269][  0]LogD3D11RHI: Found D3D11 adapter 1: Microsoft Basic Render Driver (Feature Level 11_0)
[2015.04.19-19.59.08:269][  0]LogD3D11RHI: Adapter has 0MB of dedicated video memory, 0MB of dedicated system memory, and 256MB of shared system memory, 0 output[s]
[2015.04.19-19.59.08:269][  0]LogD3D11RHI: Chosen D3D11 Adapter Id = 0
[2015.04.19-19.59.08:272][  0]LogRHI: Texture pool is 676 MB (70% of 966 MB)
[2015.04.19-19.59.08:284][  0]LogD3D11RHI: Async texture creation enabled
[2015.04.19-19.59.08:337][  0]LogTextLocalizationManager: The requested culture ('ru_RU') has no localization data; falling back to 'en' for localization and internationalization data.
[2015.04.19-19.59.08:388][  0]LogContentStreaming: Texture pool size is 1000.000000MB
[2015.04.19-19.59.08:641][  0]LogInit: WinSock: version 1.1 (2.2), MaxSocks=32767, MaxUdp=65467
[2015.04.19-19.59.08:770][  0]LogWindowsMoviePlayer: Unable to load movie: ../../../MyProject/Content/Movies/Default_Startup.mp4
[2015.04.19-19.59.08:806][  0]LogObj: 20263 objects as part of root set at end of initial load.
[2015.04.19-19.59.08:806][  0]LogUObjectAllocator: 3966216 out of 0 bytes used by permanent object pool.
[2015.04.19-19.59.08:817][  0]LogEngine: Initializing Engine...
[2015.04.19-19.59.10:859][  0]LogInit: XAudio2 using 'Динамики (2- Устройство с поддержкой High Definition Audio)' : 2 channels at 44.1 kHz using 16 bits per sample (channel mask 0x3)
[2015.04.19-19.59.10:866][  0]LogInit: FAudioDevice initialized.
[2015.04.19-19.59.10:866][  0]LogInit: Texture streaming: Enabled
[2015.04.19-19.59.10:873][  0]LogNet: Browse: /Game/2DSideScrollerBP/Maps/2DSideScrollerExampleMap?Name=Player
[2015.04.19-19.59.10:873][  0]LogLoad: LoadMap: /Game/2DSideScrollerBP/Maps/2DSideScrollerExampleMap?Name=Player
[2015.04.19-19.59.10:878][  0]LogMemory: Platform Memory Stats for WindowsNoEditor
[2015.04.19-19.59.10:878][  0]LogMemory: Process Physical Memory: 88.30 MB used, 95.35 MB peak
[2015.04.19-19.59.10:878][  0]LogMemory: Process Virtual Memory: 62.48 MB used, 73.71 MB peak
[2015.04.19-19.59.10:878][  0]LogMemory: Physical Memory: 2981.33 MB used, 16323.35 MB total
[2015.04.19-19.59.10:878][  0]LogMemory: Virtual Memory: 364.50 MB used, 134217728.00 MB total
[2015.04.19-19.59.10:878][  0]LogMemory: 
[2015.04.19-19.59.10:878][  0]LogMemory: Allocator Stats for binned:
[2015.04.19-19.59.10:878][  0]LogMemory: Current Memory 32.21 MB used, plus 2.95 MB waste
[2015.04.19-19.59.10:878][  0]LogMemory: Peak Memory 41.68 MB used, plus 2.39 MB waste
[2015.04.19-19.59.10:878][  0]LogMemory: Current OS Memory 35.16 MB, peak 44.07 MB
[2015.04.19-19.59.10:878][  0]LogMemory: Current Waste 0.50 MB, peak 0.89 MB
[2015.04.19-19.59.10:878][  0]LogMemory: Current Used 32.21 MB, peak 41.68 MB
[2015.04.19-19.59.10:878][  0]LogMemory: Current Slack 2.46 MB
[2015.04.19-19.59.10:878][  0]LogMemory: Allocs       105969 Current /  848346 Total
[2015.04.19-19.59.10:878][  0]LogMemory: 
[2015.04.19-19.59.10:878][  0]LogMemory: Block Size Num Pools Max Pools Cur Allocs Total Allocs Min Req Max Req Mem Used Mem Slack Mem Waste Efficiency
[2015.04.19-19.59.10:878][  0]LogMemory: ---------- --------- --------- ---------- ------------ ------- ------- -------- --------- --------- ----------
[2015.04.19-19.59.10:878][  0]LogMemory:          8         0         0          0            0       8       0       0K        0K        0K    100.00%
[2015.04.19-19.59.10:878][  0]LogMemory:         16         5         5      18551       112260      16      16     289K       31K        0K    100.00%
[2015.04.19-19.59.10:878][  0]LogMemory:         32        11        11      21487        97825      32      32     671K       33K        0K    100.00%
[2015.04.19-19.59.10:878][  0]LogMemory:         48         7         7       8867        39427      48      48     415K       33K        0K    100.00%
[2015.04.19-19.59.10:878][  0]LogMemory:         64        13        13      12411        57225      64      64     775K       57K        0K    100.00%
[2015.04.19-19.59.10:878][  0]LogMemory:         80         4         4       2772        38482      80      80     216K       40K        0K    100.00%
[2015.04.19-19.59.10:878][  0]LogMemory:         96         5         5       2830        42497      96      96     265K       55K        0K    100.00%
[2015.04.19-19.59.10:878][  0]LogMemory:        112         4         4       1351        21344     112     112     147K      109K        0K    100.00%
[2015.04.19-19.59.10:878][  0]LogMemory:        128        31        31      15546        40882     128     128    1943K       41K        0K    100.00%
[2015.04.19-19.59.10:878][  0]LogMemory:        160        17        30       6337        95788     144     160     990K       97K       50K     95.40%
[2015.04.19-19.59.10:878][  0]LogMemory:        192        14        14       4644        93902     176     192     870K       26K       31K     96.54%
[2015.04.19-19.59.10:878][  0]LogMemory:        224         3         3        819        87658     208     224     179K       13K        7K     96.35%
[2015.04.19-19.59.10:878][  0]LogMemory:        256         4         4        950        40670     240     256     237K       19K        9K     96.48%
[2015.04.19-19.59.10:878][  0]LogMemory:        288         5         5       1087        24902     272     288     305K       15K        9K     97.19%
[2015.04.19-19.59.10:878][  0]LogMemory:        320         4         4        616        14153     304     320     192K       63K        5K     98.05%
[2015.04.19-19.59.10:878][  0]LogMemory:        384        10        10       1594        11267     336     384     597K       41K       55K     91.41%
[2015.04.19-19.59.10:878][  0]LogMemory:        448        11        11       1573         4228     400     448     688K       15K       42K     94.03%
[2015.04.19-19.59.10:878][  0]LogMemory:        512         9         9       1102         4253     464     512     551K       25K       29K     94.97%
[2015.04.19-19.59.10:878][  0]LogMemory:        576         3         3        294         1080     528     576     165K       26K       11K     94.27%
[2015.04.19-19.59.10:878][  0]LogMemory:        640         2         2        108          243     592     640      67K       61K        3K     97.66%
[2015.04.19-19.59.10:878][  0]LogMemory:        704         8        10        567         1143     656     704     389K      123K       11K     97.85%
[2015.04.19-19.59.10:878][  0]LogMemory:        768        10        10        531         3017     720     768     398K      240K       13K     97.97%
[2015.04.19-19.59.10:878][  0]LogMemory:        896         4         4        238          854     784     896     208K       48K        9K     96.48%
[2015.04.19-19.59.10:878][  0]LogMemory:       1024         2         4        111          461     912    1024     111K       17K        2K     98.44%
[2015.04.19-19.59.10:878][  0]LogMemory:       1168         3         3         98          434    1040    1168     111K       81K        5K     97.40%
[2015.04.19-19.59.10:878][  0]LogMemory:       1360         6         6        239         3054    1184    1360     317K       66K       20K     94.79%
[2015.04.19-19.59.10:878][  0]LogMemory:       1632         7         7        253          558    1376    1632     403K       44K       26K     94.20%
[2015.04.19-19.59.10:878][  0]LogMemory:       2048         9         9        158          709    1648    2048     316K      260K       29K     94.97%
[2015.04.19-19.59.10:879][  0]LogMemory:       2336         4         4         93         3097    2064    2336     212K       44K       23K     91.02%
[2015.04.19-19.59.10:879][  0]LogMemory:       2720         5         5         97          479    2352    2720     257K       62K       13K     95.94%
[2015.04.19-19.59.10:879][  0]LogMemory:       3264        10        10        135         2172    2736    3264     430K      208K       23K     96.41%
[2015.04.19-19.59.10:879][  0]LogMemory:       4096        11        13        137          610    3280    4096     548K      156K       49K     93.04%
[2015.04.19-19.59.10:879][  0]LogMemory:       4672         4         5         43         1210    4112    4672     196K       60K        5K     98.05%
[2015.04.19-19.59.10:879][  0]LogMemory:       5456         5         5         43          173    4688    5456     229K       91K       20K     93.75%
[2015.04.19-19.59.10:879][  0]LogMemory:       6544         8         8         66          200    5488    6544     421K       91K       32K     93.75%
[2015.04.19-19.59.10:879][  0]LogMemory:       8192         5         6         40          864    6560    8192     320K        0K       22K     93.13%
[2015.04.19-19.59.10:879][  0]LogMemory:       9360         5         5         31           97    8208    9360     283K       37K       16K     95.00%
[2015.04.19-19.59.10:879][  0]LogMemory:      10912         4         4         19          127    9376   10880     202K       54K       20K     92.19%
[2015.04.19-19.59.10:879][  0]LogMemory:      13104         3         3         11           45   10976   13056     140K       52K        9K     95.31%
[2015.04.19-19.59.10:879][  0]LogMemory:      16384         6         9         22          114   13120   16384     352K       32K       23K     94.01%
[2015.04.19-19.59.10:879][  0]LogMemory:      21840        11        11         30           92   16400   21744     639K       65K      107K     84.80%
[2015.04.19-19.59.10:879][  0]LogMemory:      32768         5         7          9           61   21904   32640     288K       32K       62K     80.63%
[2015.04.19-19.59.10:879][  0]LogMemory: 
[2015.04.19-19.59.10:879][  0]LogMemory: 19008K allocated in pools (with 2663K slack and 790K waste). Efficiency 95.84%
[2015.04.19-19.59.10:879][  0]LogMemory: Allocations 105911 Current / 847658 Total (in 297 pools)
[2015.04.19-19.59.10:879][  0]LogMemory: 
[2015.04.19-19.59.10:952][  0]LogWorld: Game class is '2DSideScrollerGameMode2_C'
[2015.04.19-19.59.10:955][  0]LogModuleManager:Warning: ModuleManager: Module 'GameplayDebugger' not found - its StaticallyLinkedModuleInitializers function is null.
[2015.04.19-19.59.10:955][  0]LogAIModule: Creating AISystem for world 2DSideScrollerExampleMap
[2015.04.19-19.59.10:957][  0]LogWorld: Bringing World /Game/2DSideScrollerBP/Maps/2DSideScrollerExampleMap.2DSideScrollerExampleMap up for play (max tick rate 0) at 2015.04.19-22.59.10
[2015.04.19-19.59.10:958][  0]LogWorld: Bringing up level for play took: 0.003215
[2015.04.19-19.59.10:958][  0]LogGameMode: Warning - PATHS NOT DEFINED or NO PLAYERSTART with positive rating
[2015.04.19-19.59.10:964][  0]LogLevel:Warning: Failed to find streaming level object associated with 'None'
[2015.04.19-19.59.10:965][  0]LogInit:Display: Game Engine Initialized.
[2015.04.19-19.59.11:166][  0]LogLoad: Full Startup: 4.32 seconds (BP compile: 0.00 seconds)
[2015.04.19-19.59.11:261][  2]LogRenderer:Warning: Reallocating scene render targets to support 1600x904 (Frame:2).
[2015.04.19-19.59.12:116][ 54]LogLevel:Warning: Failed to find streaming level object associated with 'None'
[2015.04.19-19.59.12:117][ 54]LogLevel:Warning: Failed to find streaming level object associated with '2DSideScrollerExampleMap'
[2015.04.19-19.59.13:455][137]LogLevel: ActivateLevel /Game/2DSideScrollerBP/Maps/Level1 1 1 1
[2015.04.19-20.00.06:777][441]LogLevel: ActivateLevel /Game/2DSideScrollerBP/Maps/Level1 0 0 1
[2015.04.19-20.00.07:454][483]Closing by request
[2015.04.19-20.00.07:454][483]LogWindows: FPlatformMisc::RequestExit(0)
[2015.04.19-20.00.07:583][484]LogExit: Preparing to exit.
[2015.04.19-20.00.07:661][484]LogExit: Game engine shut down
[2015.04.19-20.00.07:661][484]LogParticles: Destroying 0 GPU particle simulations for FXSystem 0x000000A7C3874BA0
[2015.04.19-20.00.07:679][484]LogExit: Object subsystem successfully closed.
[2015.04.19-20.00.07:683][484]LogModuleManager: Shutting down and abandoning module AutomationWorker (48)
[2015.04.19-20.00.07:683][484]LogModuleManager: Shutting down and abandoning module CharacterAI (47)
[2015.04.19-20.00.07:683][484]LogModuleManager: Shutting down and abandoning module AIModule (45)
[2015.04.19-20.00.07:683][484]LogModuleManager: Shutting down and abandoning module GameLiveStreaming (44)
[2015.04.19-20.00.07:683][484]LogModuleManager: Shutting down and abandoning module StreamingPauseRendering (43)
[2015.04.19-20.00.07:683][484]LogModuleManager: Shutting down and abandoning module HTTP (42)
[2015.04.19-20.00.07:683][484]LogModuleManager: Shutting down and abandoning module AnalyticsET (41)
[2015.04.19-20.00.07:683][484]LogModuleManager: Shutting down and abandoning module Analytics (40)
[2015.04.19-20.00.07:683][484]LogModuleManager: Shutting down and abandoning module ProfilerService (39)
[2015.04.19-20.00.07:918][484]LogModuleManager: Shutting down and abandoning module TaskGraph (38)
[2015.04.19-20.00.07:918][484]LogModuleManager: Shutting down and abandoning module SlateRemote (37)
[2015.04.19-20.00.07:918][484]LogModuleManager: Shutting down and abandoning module CustomMeshComponent (36)
[2015.04.19-20.00.07:918][484]LogModuleManager: Shutting down and abandoning module CableComponent (35)
[2015.04.19-20.00.07:918][484]LogModuleManager: Shutting down and abandoning module MyProject (34)
[2015.04.19-20.00.07:918][484]LogModuleManager: Shutting down and abandoning module ScriptPlugin (33)
[2015.04.19-20.00.07:918][484]LogModuleManager: Shutting down and abandoning module UdpMessaging (32)
[2015.04.19-20.00.07:918][484]LogModuleManager: Shutting down and abandoning module Paper2D (31)
[2015.04.19-20.00.07:918][484]LogModuleManager: Shutting down and abandoning module WindowsMoviePlayer (30)
[2015.04.19-20.00.07:918][484]LogModuleManager: Shutting down and abandoning module Media (29)
[2015.04.19-20.00.07:918][484]LogModuleManager: Shutting down and abandoning module WmfMedia (28)
[2015.04.19-20.00.07:918][484]LogModuleManager: Shutting down and abandoning module ImageWrapper (27)
[2015.04.19-20.00.07:918][484]LogModuleManager: Shutting down and abandoning module UMG (26)
[2015.04.19-20.00.07:919][484]LogModuleManager: Shutting down and abandoning module Slate (25)
[2015.04.19-20.00.07:919][484]LogModuleManager: Shutting down and abandoning module SessionServices (24)
[2015.04.19-20.00.07:919][484]LogModuleManager: Shutting down and abandoning module Messaging (23)
[2015.04.19-20.00.07:919][484]LogModuleManager: Shutting down and abandoning module HeadMountedDisplay (22)
[2015.04.19-20.00.07:919][484]LogModuleManager: Shutting down and abandoning module XAudio2 (21)
[2015.04.19-20.00.07:919][484]LogModuleManager: Shutting down and abandoning module Networking (19)
[2015.04.19-20.00.07:919][484]LogModuleManager: Shutting down and abandoning module Core (18)
[2015.04.19-20.00.07:919][484]LogModuleManager: Shutting down and abandoning module InputCore (17)
[2015.04.19-20.00.07:919][484]LogModuleManager: Shutting down and abandoning module OnlineSubsystem (15)
[2015.04.19-20.00.07:919][484]LogModuleManager: Shutting down and abandoning module OculusRift (14)
[2015.04.19-20.00.07:919][484]LogModuleManager: Shutting down and abandoning module ExampleDeviceProfileSelector (13)
[2015.04.19-20.00.07:919][484]LogModuleManager: Shutting down and abandoning module ShaderCore (12)
[2015.04.19-20.00.07:919][484]LogModuleManager: Shutting down and abandoning module Landscape (11)
[2015.04.19-20.00.07:919][484]LogModuleManager: Shutting down and abandoning module SlateRHIRenderer (10)
[2015.04.19-20.00.07:919][484]LogModuleManager: Shutting down and abandoning module OpenGLDrv (9)
[2015.04.19-20.00.07:919][484]LogModuleManager: Shutting down and abandoning module D3D11RHI (8)
[2015.04.19-20.00.07:919][484]LogModuleManager: Shutting down and abandoning module Renderer (7)
[2015.04.19-20.00.07:919][484]LogModuleManager: Shutting down and abandoning module Engine (6)
[2015.04.19-20.00.07:919][484]LogModuleManager: Shutting down and abandoning module CoreUObject (5)
[2015.04.19-20.00.07:919][484]LogModuleManager: Shutting down and abandoning module NetworkFile (4)
[2015.04.19-20.00.07:919][484]LogModuleManager: Shutting down and abandoning module StreamingFile (3)
[2015.04.19-20.00.07:919][484]LogModuleManager: Shutting down and abandoning module SandboxFile (2)
[2015.04.19-20.00.07:919][484]LogModuleManager: Shutting down and abandoning module PakFile (1)
[2015.04.19-20.00.07:920][484]LogExit: Exiting.
[2015.04.19-20.00.07:920][484]Log file closed, 04/19/15 23:00:07
